<?xml version="1.0" encoding="UTF-8"?>
<Site BuildName="(empty)"
	BuildStamp="20250504-0227-Experimental"
	Name="(empty)"
	Generator="ctest-3.28.3"
	CompilerName=""
	CompilerVersion=""
	OSName="Linux"
	Hostname="ubuntu-192gb-fsn1-1"
	OSRelease="6.8.0-58-generic"
	OSVersion="#60-Ubuntu SMP PREEMPT_DYNAMIC Fri Mar 14 18:29:48 UTC 2025"
	OSPlatform="x86_64"
	Is64Bits="1"
	VendorString="AuthenticAMD"
	VendorID="Advanced Micro Devices"
	FamilyID="25"
	ModelID="1"
	ProcessorCacheSize="512"
	NumberOfLogicalCPU="48"
	NumberOfPhysicalCPU="24"
	TotalVirtualMemory="0"
	TotalPhysicalMemory="188675"
	LogicalProcessorsPerPhysical="2"
	ProcessorClockFrequency="2396.4"
	>
	<Testing>
		<StartDateTime>May 04 15:18 HKT</StartDateTime>
		<StartTestTime>1746343083</StartTestTime>
		<TestList/>
		<EndDateTime>May 04 15:18 HKT</EndDateTime>
		<EndTestTime>1746343083</EndTestTime>
		<ElapsedMinutes>0</ElapsedMinutes>
	</Testing>
</Site>
